2026-04-07 19:51:15,903 - db.init_db - INFO - Initializing database schema...
2026-04-07 19:51:15,912 - db.init_db - INFO - Database tables verified.
2026-04-07 19:51:15,912 - IndexForge - INFO - Starting automated data ingestion...
2026-04-07 19:51:15,912 - data_ingestion.db_loader - INFO - Clearing existing database records for fresh ingestion...
2026-04-07 19:51:15,913 - data_ingestion.yfinance_client - INFO - Preparing metadata for 50 constituents...
2026-04-07 19:51:15,930 - data_ingestion.db_loader - INFO - Loading 50 equities to database...
2026-04-07 19:51:15,934 - data_ingestion.db_loader - INFO - Equities loaded.
2026-04-07 19:51:15,934 - data_ingestion.yfinance_client - INFO - Downloading historical data for 50 symbols...
2026-04-07 19:51:16,920 - yfinance - ERROR - Failed to get ticker 'PM' reason: Expecting value: line 1 column 1 (char 0)
2026-04-07 19:51:16,929 - yfinance - ERROR - Failed to get ticker 'WFC' reason: Expecting value: line 1 column 1 (char 0)
2026-04-07 19:51:16,937 - yfinance - ERROR - Failed to get ticker 'TSLA' reason: Expecting value: line 1 column 1 (char 0)
2026-04-07 19:51:16,942 - yfinance - ERROR - Failed to get ticker 'TMO' reason: Expecting value: line 1 column 1 (char 0)
2026-04-07 19:51:16,945 - yfinance - ERROR - Failed to get ticker 'XOM' reason: Expecting value: line 1 column 1 (char 0)
2026-04-07 19:51:16,950 - yfinance - ERROR - Failed to get ticker 'CVX' reason: Expecting value: line 1 column 1 (char 0)
2026-04-07 19:51:16,973 - yfinance - ERROR - Failed to get ticker 'LIN' reason: Expecting value: line 1 column 1 (char 0)
2026-04-07 19:51:16,974 - yfinance - ERROR - Failed to get ticker 'RTX' reason: Expecting value: line 1 column 1 (char 0)
2026-04-07 19:51:17,598 - yfinance - ERROR - Failed to get ticker 'NKE' reason: Expecting value: line 1 column 1 (char 0)
2026-04-07 19:51:17,603 - yfinance - ERROR - Failed to get ticker 'DHR' reason: Expecting value: line 1 column 1 (char 0)
2026-04-07 19:51:17,614 - yfinance - ERROR - Failed to get ticker 'NEE' reason: Expecting value: line 1 column 1 (char 0)
2026-04-07 19:51:17,616 - yfinance - ERROR - Failed to get ticker 'PFE' reason: Expecting value: line 1 column 1 (char 0)
2026-04-07 19:51:17,627 - yfinance - ERROR - Failed to get ticker 'ADBE' reason: Expecting value: line 1 column 1 (char 0)
2026-04-07 19:51:17,659 - yfinance - ERROR - Failed to get ticker 'ABBV' reason: Expecting value: line 1 column 1 (char 0)
2026-04-07 19:51:17,679 - yfinance - ERROR - Failed to get ticker 'CSCO' reason: Expecting value: line 1 column 1 (char 0)
2026-04-07 19:51:17,707 - yfinance - ERROR - Failed to get ticker 'CRM' reason: Expecting value: line 1 column 1 (char 0)
2026-04-07 19:51:18,178 - yfinance - ERROR - Failed to get ticker 'TXN' reason: Expecting value: line 1 column 1 (char 0)
2026-04-07 19:51:18,180 - yfinance - ERROR - Failed to get ticker 'DIS' reason: Expecting value: line 1 column 1 (char 0)
2026-04-07 19:51:18,183 - yfinance - ERROR - Failed to get ticker 'PEP' reason: Expecting value: line 1 column 1 (char 0)
2026-04-07 19:51:18,194 - yfinance - ERROR - Failed to get ticker 'MCD' reason: Expecting value: line 1 column 1 (char 0)
2026-04-07 19:51:18,205 - yfinance - ERROR - Failed to get ticker 'BMY' reason: Expecting value: line 1 column 1 (char 0)
2026-04-07 19:51:18,217 - yfinance - ERROR - Failed to get ticker 'GOOGL' reason: Expecting value: line 1 column 1 (char 0)
2026-04-07 19:51:18,221 - yfinance - ERROR - Failed to get ticker 'HD' reason: Expecting value: line 1 column 1 (char 0)
2026-04-07 19:51:18,230 - yfinance - ERROR - Failed to get ticker 'AMGN' reason: Expecting value: line 1 column 1 (char 0)
2026-04-07 19:51:18,812 - yfinance - ERROR - Failed to get ticker 'BRK-B' reason: Expecting value: line 1 column 1 (char 0)
2026-04-07 19:51:18,827 - yfinance - ERROR - Failed to get ticker 'VZ' reason: Expecting value: line 1 column 1 (char 0)
2026-04-07 19:51:18,830 - yfinance - ERROR - Failed to get ticker 'JPM' reason: Expecting value: line 1 column 1 (char 0)
2026-04-07 19:51:18,843 - yfinance - ERROR - Failed to get ticker 'MS' reason: Expecting value: line 1 column 1 (char 0)
2026-04-07 19:51:18,847 - yfinance - ERROR - Failed to get ticker 'UPS' reason: Expecting value: line 1 column 1 (char 0)
2026-04-07 19:51:18,863 - yfinance - ERROR - Failed to get ticker 'AAPL' reason: Expecting value: line 1 column 1 (char 0)
2026-04-07 19:51:18,867 - yfinance - ERROR - Failed to get ticker 'ABT' reason: Expecting value: line 1 column 1 (char 0)
2026-04-07 19:51:18,876 - yfinance - ERROR - Failed to get ticker 'NVDA' reason: Expecting value: line 1 column 1 (char 0)
2026-04-07 19:51:19,415 - yfinance - ERROR - Failed to get ticker 'JNJ' reason: Expecting value: line 1 column 1 (char 0)
2026-04-07 19:51:19,426 - yfinance - ERROR - Failed to get ticker 'GOOG' reason: Expecting value: line 1 column 1 (char 0)
2026-04-07 19:51:19,430 - yfinance - ERROR - Failed to get ticker 'MSFT' reason: Expecting value: line 1 column 1 (char 0)
2026-04-07 19:51:19,445 - yfinance - ERROR - Failed to get ticker 'MRK' reason: Expecting value: line 1 column 1 (char 0)
2026-04-07 19:51:19,450 - yfinance - ERROR - Failed to get ticker 'MA' reason: Expecting value: line 1 column 1 (char 0)
2026-04-07 19:51:19,452 - yfinance - ERROR - Failed to get ticker 'LOW' reason: Expecting value: line 1 column 1 (char 0)
2026-04-07 19:51:19,467 - yfinance - ERROR - Failed to get ticker 'CAT' reason: Expecting value: line 1 column 1 (char 0)
2026-04-07 19:51:19,472 - yfinance - ERROR - Failed to get ticker 'PG' reason: Expecting value: line 1 column 1 (char 0)
2026-04-07 19:51:19,999 - yfinance - ERROR - Failed to get ticker 'BAC' reason: Expecting value: line 1 column 1 (char 0)
2026-04-07 19:51:20,002 - yfinance - ERROR - Failed to get ticker 'AMZN' reason: Expecting value: line 1 column 1 (char 0)
2026-04-07 19:51:20,011 - yfinance - ERROR - Failed to get ticker 'UNH' reason: Expecting value: line 1 column 1 (char 0)
2026-04-07 19:51:20,014 - yfinance - ERROR - Failed to get ticker 'HON' reason: Expecting value: line 1 column 1 (char 0)
2026-04-07 19:51:20,024 - yfinance - ERROR - Failed to get ticker 'V' reason: Expecting value: line 1 column 1 (char 0)
2026-04-07 19:51:20,025 - yfinance - ERROR - Failed to get ticker 'KO' reason: Expecting value: line 1 column 1 (char 0)
2026-04-07 19:51:20,213 - yfinance - ERROR - Failed to get ticker 'INTC' reason: Expecting value: line 1 column 1 (char 0)
2026-04-07 19:51:20,252 - yfinance - ERROR - Failed to get ticker 'META' reason: Expecting value: line 1 column 1 (char 0)
2026-04-07 19:51:20,627 - yfinance - ERROR - Failed to get ticker 'AVGO' reason: Expecting value: line 1 column 1 (char 0)
2026-04-07 19:51:20,639 - yfinance - ERROR - Failed to get ticker 'COST' reason: Expecting value: line 1 column 1 (char 0)
2026-04-07 19:51:20,652 - yfinance - ERROR - 
50 Failed downloads:
2026-04-07 19:51:20,652 - yfinance - ERROR - ['PM', 'WFC', 'TSLA', 'XOM', 'TMO', 'CVX', 'LIN', 'RTX', 'NKE', 'DHR', 'NEE', 'PFE', 'ADBE', 'ABBV', 'CSCO', 'CRM', 'TXN', 'DIS', 'PEP', 'MCD', 'BMY', 'GOOGL', 'HD', 'AMGN', 'BRK-B', 'VZ', 'JPM', 'MS', 'UPS', 'AAPL', 'ABT', 'NVDA', 'JNJ', 'GOOG', 'MSFT', 'MRK', 'MA', 'LOW', 'CAT', 'PG', 'BAC', 'AMZN', 'UNH', 'HON', 'V', 'KO', 'INTC', 'META', 'AVGO', 'COST']: Exception('%ticker%: No timezone found, symbol may be delisted')
2026-04-07 19:51:20,660 - data_ingestion.yfinance_client - WARNING - No data retrieved from API. Switching to synthetic market generation...
2026-04-07 19:51:20,847 - data_ingestion.db_loader - INFO - Loading 65250 daily price records to database...
2026-04-07 19:51:21,248 - data_ingestion.db_loader - INFO - Prices loaded.
2026-04-07 19:51:21,249 - IndexForge - INFO - Targeting semi-annual rebalancing windows (MSCI Schedule)...
2026-04-07 19:51:21,253 - index_math.rebalancing - INFO - Executing rebalance evaluation for 2019-05-31...
2026-04-07 19:51:21,258 - index_math.rebalancing - INFO - Rebalance finalized: 50 constituents selected.
2026-04-07 19:51:21,260 - index_math.rebalancing - INFO - Executing rebalance evaluation for 2019-11-30...
2026-04-07 19:51:21,261 - index_math.rebalancing - WARNING - No price data found for 2019-11-30. Rebalance cannot proceed.
2026-04-07 19:51:21,261 - index_math.rebalancing - INFO - Executing rebalance evaluation for 2020-05-31...
2026-04-07 19:51:21,262 - index_math.rebalancing - WARNING - No price data found for 2020-05-31. Rebalance cannot proceed.
2026-04-07 19:51:21,262 - index_math.rebalancing - INFO - Executing rebalance evaluation for 2020-11-30...
2026-04-07 19:51:21,265 - index_math.rebalancing - INFO - Rebalance finalized: 50 constituents selected.
2026-04-07 19:51:21,267 - index_math.rebalancing - INFO - Executing rebalance evaluation for 2021-05-31...
2026-04-07 19:51:21,269 - index_math.rebalancing - INFO - Rebalance finalized: 50 constituents selected.
2026-04-07 19:51:21,272 - index_math.rebalancing - INFO - Executing rebalance evaluation for 2021-11-30...
2026-04-07 19:51:21,275 - index_math.rebalancing - INFO - Rebalance finalized: 50 constituents selected.
2026-04-07 19:51:21,277 - index_math.rebalancing - INFO - Executing rebalance evaluation for 2022-05-31...
2026-04-07 19:51:21,280 - index_math.rebalancing - INFO - Rebalance finalized: 50 constituents selected.
2026-04-07 19:51:21,282 - index_math.rebalancing - INFO - Executing rebalance evaluation for 2022-11-30...
2026-04-07 19:51:21,284 - index_math.rebalancing - INFO - Rebalance finalized: 50 constituents selected.
2026-04-07 19:51:21,286 - index_math.rebalancing - INFO - Executing rebalance evaluation for 2023-05-31...
2026-04-07 19:51:21,290 - index_math.rebalancing - INFO - Rebalance finalized: 50 constituents selected.
2026-04-07 19:51:21,292 - index_math.rebalancing - INFO - Executing rebalance evaluation for 2023-11-30...
2026-04-07 19:51:21,294 - index_math.rebalancing - INFO - Rebalance finalized: 50 constituents selected.
2026-04-07 19:51:21,297 - index_math.construction - INFO - Starting daily index calculation for period: 2019-01-01 -> 2024-01-01
2026-04-07 19:51:23,011 - index_math.construction - INFO - Daily calculation complete. 1197 index points recorded.
2026-04-07 19:51:23,011 - IndexForge - INFO - Executing performance and risk attribution backtest...
2026-04-07 19:51:23,012 - backtesting.performance - INFO - Fetching benchmark data for SPY...
2026-04-07 19:51:23,746 - yfinance - ERROR - Failed to get ticker 'SPY' reason: Expecting value: line 1 column 1 (char 0)
2026-04-07 19:51:23,753 - yfinance - ERROR - 
1 Failed download:
2026-04-07 19:51:23,753 - yfinance - ERROR - ['SPY']: Exception('%ticker%: No timezone found, symbol may be delisted')
2026-04-07 19:51:23,753 - backtesting.performance - WARNING - Could not fetch benchmark data. Generating synthetic SPY benchmark...
2026-04-07 19:51:23,767 - backtesting.performance - INFO - Loaded 1197 points for custom index. Alignment with benchmark starting.
2026-04-07 19:51:23,769 - backtesting.performance - INFO - Performance analysis concluded. Index Sharpe: 2.66
2026-04-07 19:51:23,769 - backtesting.attribution - INFO - Calculating constituent turnover attribution...
2026-04-07 19:51:23,780 - reports.generator - INFO - Generating executive summary report at indexforge_report.md...
2026-04-07 19:51:23,784 - reports.generator - INFO - Report generation successful.
2026-04-07 19:51:23,784 - backtesting.visualizer - INFO - Generating performance visualization at assets/index_performance.png...
2026-04-07 19:51:24,184 - backtesting.visualizer - INFO - Visualization saved successfully.
2026-04-07 19:51:24,184 - IndexForge - INFO - Engineering cycle complete. Summary report generated.
